<?xml version="1.0" encoding="UTF-8"?>
<!-- Generated by org.testng.reporters.JUnitReportReporter -->
<testsuite hostname="DESKTOP-37FIG61" failures="0" tests="2" name="com.handson.Runner" time="208.689" errors="0" timestamp="2024-04-10T11:18:01 IST" skipped="0">
  <testcase classname="com.handson.Runner" name="runScenario" time="148.256"/>
  <testcase classname="com.handson.Runner" name="runScenario" time="60.433"/>
</testsuite> <!-- com.handson.Runner -->
